Exception at PC 0x00007FFE46934B59
Exception at PC 0x00007FFE46934B59
Exception at PC 0x00007FFE46934B59
Exception at PC 0x00007FFE46934B59
Exception at PC 0x00007FFDA7CBE132
Attemped to write at address 0x00007FFE147D4AA4
Printing stacktrace...

[0]  [0x00007FFDA7CBE132]
[1]  [0x00007FFDA7CBE132]
[2]  [0x00007FFDA7CBE194]
[3]  [0x00007FFDA790D0D7]
[4]  [0x00007FFDA77F2BCA]
[5]  [0x00007FFDA77F2FD1]
[6]  [0x00007FFDA7CBEB2F]
[7]  [0x00007FFDA7B7C19D]
[8]  [0x00007FFDA7B75942]
[9]  [0x00007FFDA7B75AB5]
[10] (RtlActivateActivationContextUnsafeFast+0x11d) [0x00007FFE48FA9A1D]
[11] (LdrShutdownProcess+0x141) [0x00007FFE48FEDB91]
[12] (RtlExitUserProcess+0xad) [0x00007FFE48FEDA2D]
[13] (FatalExit+0xb) [0x00007FFE4775E0AB]
[14] (exit+0x85) [0x00007FFE47A2A155]
[15] (initterm_e+0x245) [0x00007FFE47A2A7C5]
[16]  [0x00000000004014CD]
[17]  [0x000000000040151B]
[18] (BaseThreadInitThunk+0x14) [0x00007FFE47757034]
[19] (RtlUserThreadStart+0x21) [0x00007FFE48FE2651]
Done
